<?xml version="1.0" encoding="UTF-8"?>
<!-- Generated by org.testng.reporters.JUnitXMLReporter -->
<testsuite ignored="0" hostname="DESKTOP-HP1F42K" failures="0" tests="6" name="Default test" time="54.082" errors="0" timestamp="2023-04-13T14:21:05 IST">
  <testcase classname="Test.TC01" name="verifyLoginWithValidCredential" time="3.257"/>
  <testcase classname="Test.TC01" name="verifySearchBar" time="2.515"/>
  <testcase classname="Test.TC01" name="verifyMouseHover" time="0.261"/>
  <testcase classname="Test.TC01" name="verifyScrollDown" time="0.575"/>
  <testcase classname="Test.TC01" name="verifyGetWindowHandle" time="2.426"/>
  <testcase classname="Test.TC01" name="verifyCookiesHandle" time="0.016"/>
</testsuite> <!-- Default test -->
