<?xml version="1.0" encoding="UTF-8"?>
<testng-results ignored="0" total="6" passed="6" failed="0" skipped="0">
  <reporter-output>
  </reporter-output>
  <suite started-at="2023-04-13T14:20:11 IST" name="Default suite" finished-at="2023-04-13T14:21:05 IST" duration-ms="54082">
    <groups>
    </groups>
    <test started-at="2023-04-13T14:20:11 IST" name="Default test" finished-at="2023-04-13T14:21:05 IST" duration-ms="54082">
      <class name="Test.TC01">
        <test-method is-config="true" signature="beforeMethod()[pri:0, instance:Test.TC01@4386f16]" started-at="2023-04-13T14:20:11 IST" name="beforeMethod" finished-at="2023-04-13T14:20:20 IST" duration-ms="9341" status="PASS">
          <reporter-output>
          </reporter-output>
        </test-method> <!-- beforeMethod -->
        <test-method signature="verifyLoginWithValidCredential()[pri:0, instance:Test.TC01@4386f16]" started-at="2023-04-13T14:20:20 IST" name="verifyLoginWithValidCredential" finished-at="2023-04-13T14:20:23 IST" duration-ms="3257" status="PASS">
          <reporter-output>
          </reporter-output>
        </test-method> <!-- verifyLoginWithValidCredential -->
        <test-method is-config="true" signature="afterMethod()[pri:0, instance:Test.TC01@4386f16]" started-at="2023-04-13T14:20:23 IST" name="afterMethod" finished-at="2023-04-13T14:20:24 IST" duration-ms="200" status="PASS">
          <reporter-output>
          </reporter-output>
        </test-method> <!-- afterMethod -->
        <test-method is-config="true" signature="beforeMethod()[pri:0, instance:Test.TC01@4386f16]" started-at="2023-04-13T14:20:24 IST" name="beforeMethod" finished-at="2023-04-13T14:20:30 IST" duration-ms="6464" status="PASS">
          <reporter-output>
          </reporter-output>
        </test-method> <!-- beforeMethod -->
        <test-method signature="verifySearchBar()[pri:1, instance:Test.TC01@4386f16]" started-at="2023-04-13T14:20:30 IST" name="verifySearchBar" finished-at="2023-04-13T14:20:33 IST" duration-ms="2515" status="PASS">
          <reporter-output>
          </reporter-output>
        </test-method> <!-- verifySearchBar -->
        <test-method is-config="true" signature="afterMethod()[pri:0, instance:Test.TC01@4386f16]" started-at="2023-04-13T14:20:33 IST" name="afterMethod" finished-at="2023-04-13T14:20:33 IST" duration-ms="205" status="PASS">
          <reporter-output>
          </reporter-output>
        </test-method> <!-- afterMethod -->
        <test-method is-config="true" signature="beforeMethod()[pri:0, instance:Test.TC01@4386f16]" started-at="2023-04-13T14:20:33 IST" name="beforeMethod" finished-at="2023-04-13T14:20:39 IST" duration-ms="6508" status="PASS">
          <reporter-output>
          </reporter-output>
        </test-method> <!-- beforeMethod -->
        <test-method signature="verifyMouseHover()[pri:2, instance:Test.TC01@4386f16]" started-at="2023-04-13T14:20:39 IST" name="verifyMouseHover" finished-at="2023-04-13T14:20:39 IST" duration-ms="261" status="PASS">
          <reporter-output>
          </reporter-output>
        </test-method> <!-- verifyMouseHover -->
        <test-method is-config="true" signature="afterMethod()[pri:0, instance:Test.TC01@4386f16]" started-at="2023-04-13T14:20:39 IST" name="afterMethod" finished-at="2023-04-13T14:20:40 IST" duration-ms="207" status="PASS">
          <reporter-output>
          </reporter-output>
        </test-method> <!-- afterMethod -->
        <test-method is-config="true" signature="beforeMethod()[pri:0, instance:Test.TC01@4386f16]" started-at="2023-04-13T14:20:40 IST" name="beforeMethod" finished-at="2023-04-13T14:20:45 IST" duration-ms="5762" status="PASS">
          <reporter-output>
          </reporter-output>
        </test-method> <!-- beforeMethod -->
        <test-method signature="verifyScrollDown()[pri:3, instance:Test.TC01@4386f16]" started-at="2023-04-13T14:20:45 IST" name="verifyScrollDown" finished-at="2023-04-13T14:20:46 IST" duration-ms="575" status="PASS">
          <reporter-output>
          </reporter-output>
        </test-method> <!-- verifyScrollDown -->
        <test-method is-config="true" signature="afterMethod()[pri:0, instance:Test.TC01@4386f16]" started-at="2023-04-13T14:20:46 IST" name="afterMethod" finished-at="2023-04-13T14:20:46 IST" duration-ms="84" status="PASS">
          <reporter-output>
          </reporter-output>
        </test-method> <!-- afterMethod -->
        <test-method is-config="true" signature="beforeMethod()[pri:0, instance:Test.TC01@4386f16]" started-at="2023-04-13T14:20:46 IST" name="beforeMethod" finished-at="2023-04-13T14:20:54 IST" duration-ms="7769" status="PASS">
          <reporter-output>
          </reporter-output>
        </test-method> <!-- beforeMethod -->
        <test-method signature="verifyGetWindowHandle()[pri:4, instance:Test.TC01@4386f16]" started-at="2023-04-13T14:20:54 IST" name="verifyGetWindowHandle" finished-at="2023-04-13T14:20:56 IST" duration-ms="2426" status="PASS">
          <reporter-output>
          </reporter-output>
        </test-method> <!-- verifyGetWindowHandle -->
        <test-method is-config="true" signature="afterMethod()[pri:0, instance:Test.TC01@4386f16]" started-at="2023-04-13T14:20:56 IST" name="afterMethod" finished-at="2023-04-13T14:20:57 IST" duration-ms="364" status="PASS">
          <reporter-output>
          </reporter-output>
        </test-method> <!-- afterMethod -->
        <test-method is-config="true" signature="beforeMethod()[pri:0, instance:Test.TC01@4386f16]" started-at="2023-04-13T14:20:57 IST" name="beforeMethod" finished-at="2023-04-13T14:21:05 IST" duration-ms="7835" status="PASS">
          <reporter-output>
          </reporter-output>
        </test-method> <!-- beforeMethod -->
        <test-method signature="verifyCookiesHandle()[pri:5, instance:Test.TC01@4386f16]" started-at="2023-04-13T14:21:05 IST" name="verifyCookiesHandle" finished-at="2023-04-13T14:21:05 IST" duration-ms="16" status="PASS">
          <reporter-output>
          </reporter-output>
        </test-method> <!-- verifyCookiesHandle -->
        <test-method is-config="true" signature="afterMethod()[pri:0, instance:Test.TC01@4386f16]" started-at="2023-04-13T14:21:05 IST" name="afterMethod" finished-at="2023-04-13T14:21:05 IST" duration-ms="186" status="PASS">
          <reporter-output>
          </reporter-output>
        </test-method> <!-- afterMethod -->
      </class> <!-- Test.TC01 -->
    </test> <!-- Default test -->
  </suite> <!-- Default suite -->
</testng-results>
